  Iterator.cpp
  List.cpp
c:\users\s188045\source\repos\linkedlist\linkedlist\list.h(7): error C2143: syntax error: missing ',' before '&'
  c:\users\s188045\source\repos\linkedlist\linkedlist\list.h(15): note: see reference to class template instantiation 'List<T>' being compiled
c:\users\s188045\source\repos\linkedlist\linkedlist\list.h(8): error C2143: syntax error: missing ',' before '&'
c:\users\s188045\source\repos\linkedlist\linkedlist\list.h(9): error C2143: syntax error: missing ',' before '&'
c:\users\s188045\source\repos\linkedlist\linkedlist\list.cpp(4): error C2988: unrecognizable template declaration/definition
c:\users\s188045\source\repos\linkedlist\linkedlist\list.cpp(4): error C2143: syntax error: missing ',' before '&'
c:\users\s188045\source\repos\linkedlist\linkedlist\list.cpp(9): error C2988: unrecognizable template declaration/definition
c:\users\s188045\source\repos\linkedlist\linkedlist\list.cpp(9): error C2143: syntax error: missing ',' before '&'
c:\users\s188045\source\repos\linkedlist\linkedlist\list.cpp(14): error C2988: unrecognizable template declaration/definition
c:\users\s188045\source\repos\linkedlist\linkedlist\list.cpp(14): error C2143: syntax error: missing ',' before '&'
c:\users\s188045\source\repos\linkedlist\linkedlist\list.cpp(22): error C2955: 'Iterator': use of class template requires template argument list
  c:\users\s188045\source\repos\linkedlist\linkedlist\iterator.h(6): note: see declaration of 'Iterator'
c:\users\s188045\source\repos\linkedlist\linkedlist\list.cpp(28): error C2955: 'Iterator': use of class template requires template argument list
  c:\users\s188045\source\repos\linkedlist\linkedlist\iterator.h(6): note: see declaration of 'Iterator'
c:\users\s188045\source\repos\linkedlist\linkedlist\list.cpp(34): error C2955: 'Node': use of class template requires template argument list
  c:\users\s188045\source\repos\linkedlist\linkedlist\node.h(5): note: see declaration of 'Node'
c:\users\s188045\source\repos\linkedlist\linkedlist\list.cpp(40): error C2955: 'Node': use of class template requires template argument list
  c:\users\s188045\source\repos\linkedlist\linkedlist\node.h(5): note: see declaration of 'Node'
  Generating Code...
